2015/02/28 20:47:13 [error] [exception.CDbException] SQLSTATE[HY000] [1045] Access denied for user 'openpiratebay'@'localhost' (using password: YES)
2015/02/28 20:47:13 [error] [application] LSphinxDataProvider exception
Message: CDbConnection failed to open the DB connection.Trace: #0 /opt/lampp/htdocs/protected/vendor/yiisoft/yii/framework/yiilite.php(8399): CDbConnection->open()
#1 /opt/lampp/htdocs/protected/vendor/yiisoft/yii/framework/yiilite.php(8388): CDbConnection->setActive(true)
#2 /opt/lampp/htdocs/protected/vendor/yiisoft/yii/framework/yiilite.php(1060): CDbConnection->init()
#3 /opt/lampp/htdocs/protected/vendor/yiisoft/yii/framework/yiilite.php(1312): CModule->getComponent('db')
#4 /opt/lampp/htdocs/protected/vendor/yiisoft/yii/framework/yiilite.php(7450): CApplication->getDb()
#5 /opt/lampp/htdocs/protected/vendor/yiisoft/yii/framework/yiilite.php(7467): CActiveRecord->getDbConnection()
#6 /opt/lampp/htdocs/protected/vendor/yiisoft/yii/framework/yiilite.php(7880): CActiveRecord->getCommandBuilder()
#7 /opt/lampp/htdocs/protected/models/LSphinxDataProvider.php(142): CActiveRecord->findAll(Object(CDbCriteria))
#8 /opt/lampp/htdocs/protected/vendor/yiisoft/yii/framework/web/CDataProvider.php(168): LSphinxDataProvider->fetchData()
#9 /opt/lampp/htdocs/protected/vendor/yiisoft/yii/framework/zii/widgets/CBaseListView.php(111): CDataProvider->getData()
#10 /opt/lampp/htdocs/protected/vendor/yiisoft/yii/framework/zii/widgets/grid/CGridView.php(339): CBaseListView->init()
#11 /opt/lampp/htdocs/protected/widgets/grid/TorrentGridWidget.php(85): CGridView->init()
#12 /opt/lampp/htdocs/protected/vendor/yiisoft/yii/framework/yiilite.php(3428): TorrentGridWidget->init()
#13 /opt/lampp/htdocs/protected/vendor/yiisoft/yii/framework/yiilite.php(3443): CBaseController->createWidget('application.wid...', Array)
#14 /opt/lampp/htdocs/www/themes/oldpiratebay/views/main/list.php(38): CBaseController->widget('application.wid...', Array)
#15 /opt/lampp/htdocs/protected/vendor/yiisoft/yii/framework/yiilite.php(3419): require('/opt/lampp/htdo...')
#16 /opt/lampp/htdocs/protected/vendor/yiisoft/yii/framework/yiilite.php(3398): CBaseController->renderInternal('/opt/lampp/htdo...', Array, true)
#17 /opt/lampp/htdocs/protected/vendor/yiisoft/yii/framework/yiilite.php(3822): CBaseController->renderFile('/opt/lampp/htdo...', Array, true)
#18 /opt/lampp/htdocs/protected/vendor/yiisoft/yii/framework/yiilite.php(3790): CController->renderPartial('list', Array, true)
#19 /opt/lampp/htdocs/protected/controllers/MainController.php(192): CController->render('list', Array)
#20 [internal function]: MainController->actionSearch('teste', NULL, NULL)
#21 /opt/lampp/htdocs/protected/vendor/yiisoft/yii/framework/yiilite.php(4039): ReflectionMethod->invokeArgs(Object(MainController), Array)
#22 /opt/lampp/htdocs/protected/vendor/yiisoft/yii/framework/yiilite.php(4056): CAction->runWithParamsInternal(Object(MainController), Object(ReflectionMethod), Array)
#23 /opt/lampp/htdocs/protected/vendor/yiisoft/yii/framework/yiilite.php(3570): CInlineAction->runWithParams(Array)
#24 /opt/lampp/htdocs/protected/vendor/yiisoft/yii/framework/yiilite.php(3555): CController->runAction(Object(CInlineAction))
#25 /opt/lampp/htdocs/protected/vendor/yiisoft/yii/framework/yiilite.php(3545): CController->runActionWithFilters(Object(CInlineAction), Array)
#26 /opt/lampp/htdocs/protected/vendor/yiisoft/yii/framework/yiilite.php(1746): CController->run('search')
#27 /opt/lampp/htdocs/protected/vendor/yiisoft/yii/framework/yiilite.php(1666): CWebApplication->runController('main/search')
#28 /opt/lampp/htdocs/protected/vendor/yiisoft/yii/framework/yiilite.php(1191): CWebApplication->processRequest()
#29 /opt/lampp/htdocs/www/index.php(13): CApplication->run()
#30 {main}
2015/02/28 20:47:31 [error] [exception.CDbException] SQLSTATE[HY000] [1045] Access denied for user 'openpiratebay'@'localhost' (using password: YES)
2015/02/28 20:47:31 [error] [application] LSphinxDataProvider exception
Message: CDbConnection failed to open the DB connection.Trace: #0 /opt/lampp/htdocs/protected/vendor/yiisoft/yii/framework/yiilite.php(8399): CDbConnection->open()
#1 /opt/lampp/htdocs/protected/vendor/yiisoft/yii/framework/yiilite.php(8388): CDbConnection->setActive(true)
#2 /opt/lampp/htdocs/protected/vendor/yiisoft/yii/framework/yiilite.php(1060): CDbConnection->init()
#3 /opt/lampp/htdocs/protected/vendor/yiisoft/yii/framework/yiilite.php(1312): CModule->getComponent('db')
#4 /opt/lampp/htdocs/protected/vendor/yiisoft/yii/framework/yiilite.php(7450): CApplication->getDb()
#5 /opt/lampp/htdocs/protected/vendor/yiisoft/yii/framework/yiilite.php(7467): CActiveRecord->getDbConnection()
#6 /opt/lampp/htdocs/protected/vendor/yiisoft/yii/framework/yiilite.php(7880): CActiveRecord->getCommandBuilder()
#7 /opt/lampp/htdocs/protected/models/LSphinxDataProvider.php(142): CActiveRecord->findAll(Object(CDbCriteria))
#8 /opt/lampp/htdocs/protected/vendor/yiisoft/yii/framework/web/CDataProvider.php(168): LSphinxDataProvider->fetchData()
#9 /opt/lampp/htdocs/protected/vendor/yiisoft/yii/framework/zii/widgets/CBaseListView.php(111): CDataProvider->getData()
#10 /opt/lampp/htdocs/protected/vendor/yiisoft/yii/framework/zii/widgets/grid/CGridView.php(339): CBaseListView->init()
#11 /opt/lampp/htdocs/protected/widgets/grid/TorrentGridWidget.php(85): CGridView->init()
#12 /opt/lampp/htdocs/protected/vendor/yiisoft/yii/framework/yiilite.php(3428): TorrentGridWidget->init()
#13 /opt/lampp/htdocs/protected/vendor/yiisoft/yii/framework/yiilite.php(3443): CBaseController->createWidget('application.wid...', Array)
#14 /opt/lampp/htdocs/www/themes/oldpiratebay/views/main/list.php(38): CBaseController->widget('application.wid...', Array)
#15 /opt/lampp/htdocs/protected/vendor/yiisoft/yii/framework/yiilite.php(3419): require('/opt/lampp/htdo...')
#16 /opt/lampp/htdocs/protected/vendor/yiisoft/yii/framework/yiilite.php(3398): CBaseController->renderInternal('/opt/lampp/htdo...', Array, true)
#17 /opt/lampp/htdocs/protected/vendor/yiisoft/yii/framework/yiilite.php(3822): CBaseController->renderFile('/opt/lampp/htdo...', Array, true)
#18 /opt/lampp/htdocs/protected/vendor/yiisoft/yii/framework/yiilite.php(3790): CController->renderPartial('list', Array, true)
#19 /opt/lampp/htdocs/protected/controllers/MainController.php(192): CController->render('list', Array)
#20 [internal function]: MainController->actionSearch('hh', NULL, NULL)
#21 /opt/lampp/htdocs/protected/vendor/yiisoft/yii/framework/yiilite.php(4039): ReflectionMethod->invokeArgs(Object(MainController), Array)
#22 /opt/lampp/htdocs/protected/vendor/yiisoft/yii/framework/yiilite.php(4056): CAction->runWithParamsInternal(Object(MainController), Object(ReflectionMethod), Array)
#23 /opt/lampp/htdocs/protected/vendor/yiisoft/yii/framework/yiilite.php(3570): CInlineAction->runWithParams(Array)
#24 /opt/lampp/htdocs/protected/vendor/yiisoft/yii/framework/yiilite.php(3555): CController->runAction(Object(CInlineAction))
#25 /opt/lampp/htdocs/protected/vendor/yiisoft/yii/framework/yiilite.php(3545): CController->runActionWithFilters(Object(CInlineAction), Array)
#26 /opt/lampp/htdocs/protected/vendor/yiisoft/yii/framework/yiilite.php(1746): CController->run('search')
#27 /opt/lampp/htdocs/protected/vendor/yiisoft/yii/framework/yiilite.php(1666): CWebApplication->runController('main/search')
#28 /opt/lampp/htdocs/protected/vendor/yiisoft/yii/framework/yiilite.php(1191): CWebApplication->processRequest()
#29 /opt/lampp/htdocs/www/index.php(13): CApplication->run()
#30 {main}
